c:\users\андрей\source\repos\kursrob\kursrob\x64\debug\vc143.pdb
c:\users\андрей\source\repos\kursrob\kursrob\x64\debug\.netframework,version=v4.7.2.assemblyattributes.obj
c:\users\андрей\source\repos\kursrob\kursrob\x64\debug\myform.obj
c:\users\андрей\source\repos\kursrob\kursrob\x64\debug\edituser.obj
c:\users\андрей\source\repos\kursrob\kursrob\x64\debug\deleteuser.obj
c:\users\андрей\source\repos\kursrob\kursrob\x64\debug\createuser.obj
c:\users\андрей\source\repos\kursrob\kursrob\x64\debug\aboutform.obj
d:\important suka blyad\kursrob\kursrob\x64\debug\vc143.pdb
d:\important suka blyad\kursrob\kursrob\x64\debug\.netframework,version=v4.7.2.assemblyattributes.obj
d:\important suka blyad\kursrob\kursrob\x64\debug\myform.obj
d:\important suka blyad\kursrob\kursrob\x64\debug\edituser.obj
d:\important suka blyad\kursrob\kursrob\x64\debug\deleteuser.obj
d:\important suka blyad\kursrob\kursrob\x64\debug\createuser.obj
d:\important suka blyad\kursrob\kursrob\x64\debug\aboutform.obj
d:\important suka blyad\kursrob\kursrob\x64\debug\userservice.obj
c:\users\андрей\source\repos\kursrob\x64\debug\kursrob.exe
c:\users\андрей\source\repos\kursrob\x64\debug\kursrob.pdb
d:\important suka blyad\kursrob\x64\debug\kursrob.exe
d:\important suka blyad\kursrob\x64\debug\kursrob.pdb
d:\important suka blyad\kursrob\kursrob\x64\debug\kursrob.tlog\cl.command.1.tlog
d:\important suka blyad\kursrob\kursrob\x64\debug\kursrob.tlog\cl.read.1.tlog
d:\important suka blyad\kursrob\kursrob\x64\debug\kursrob.tlog\cl.write.1.tlog
d:\important suka blyad\kursrob\kursrob\x64\debug\kursrob.tlog\link.command.1.tlog
d:\important suka blyad\kursrob\kursrob\x64\debug\kursrob.tlog\link.read.1.tlog
d:\important suka blyad\kursrob\kursrob\x64\debug\kursrob.tlog\link.write.1.tlog
d:\important suka blyad\kursrob\kursrob\x64\debug\kursrob.tlog\metagen.read.1.tlog
d:\important suka blyad\kursrob\kursrob\x64\debug\kursrob.tlog\metagen.write.1.tlog
d:\important suka blyad\kursrob\kursrob\x64\debug\kursrob.tlog\resgen.command.1.tlog
d:\important suka blyad\kursrob\kursrob\x64\debug\kursrob.tlog\resgen.read.1.tlog
d:\important suka blyad\kursrob\kursrob\x64\debug\kursrob.tlog\resgen.write.1.tlog
